# JRE version: Java(TM) SE Runtime Environment (8.0_51-b16) (build 1.8.0_51-b16)
# Java VM: Java HotSpot(TM) 64-Bit Server VM (25.51-b03 mixed mode windows-amd64 compressed oops)
Heap:
 PSYoungGen      total 124416K, used 65915K [0x00000000d5d80000, 0x00000000dec00000, 0x0000000100000000)
  eden space 120320K, 54% used [0x00000000d5d80000,0x00000000d9ddede8,0x00000000dd300000)
  from space 4096K, 0% used [0x00000000dd300000,0x00000000dd300000,0x00000000dd700000)
  to   space 12800K, 0% used [0x00000000ddf80000,0x00000000ddf80000,0x00000000dec00000)
 ParOldGen       total 96256K, used 23041K [0x0000000081800000, 0x0000000087600000, 0x00000000d5d80000)
  object space 96256K, 23% used [0x0000000081800000,0x0000000082e806d0,0x0000000087600000)
 Metaspace       used 43273K, capacity 45590K, committed 45784K, reserved 1089536K
  class space    used 5417K, capacity 5836K, committed 5848K, reserved 1048576K
GC Heap History (10 events):
Event: 1043.109 GC heap before
{Heap before GC invocations=20 (full 7):
 PSYoungGen      total 134144K, used 3019K [0x00000000d5d80000, 0x00000000dee00000, 0x0000000100000000)
  eden space 120320K, 0% used [0x00000000d5d80000,0x00000000d5d80000,0x00000000dd300000)
  from space 13824K, 21% used [0x00000000dd300000,0x00000000dd5f2dc8,0x00000000de080000)
  to   space 13824K, 0% used [0x00000000de080000,0x00000000de080000,0x00000000dee00000)
 ParOldGen       total 96256K, used 21368K [0x0000000081800000, 0x0000000087600000, 0x00000000d5d80000)
  object space 96256K, 22% used [0x0000000081800000,0x0000000082cde288,0x0000000087600000)
 Metaspace       used 42541K, capacity 44580K, committed 44632K, reserved 1087488K
  class space    used 5366K, capacity 5714K, committed 5720K, reserved 1048576K
Event: 1043.253 GC heap after
Heap after GC invocations=20 (full 7):
 PSYoungGen      total 134144K, used 0K [0x00000000d5d80000, 0x00000000dee00000, 0x0000000100000000)
  eden space 120320K, 0% used [0x00000000d5d80000,0x00000000d5d80000,0x00000000dd300000)
  from space 13824K, 0% used [0x00000000dd300000,0x00000000dd300000,0x00000000de080000)
  to   space 13824K, 0% used [0x00000000de080000,0x00000000de080000,0x00000000dee00000)
 ParOldGen       total 96256K, used 21825K [0x0000000081800000, 0x0000000087600000, 0x00000000d5d80000)
  object space 96256K, 22% used [0x0000000081800000,0x0000000082d50540,0x0000000087600000)
 Metaspace       used 42539K, capacity 44574K, committed 44632K, reserved 1087488K
  class space    used 5366K, capacity 5712K, committed 5720K, reserved 1048576K
}
Event: 1152.691 GC heap before
{Heap before GC invocations=21 (full 7):
 PSYoungGen      total 134144K, used 76333K [0x00000000d5d80000, 0x00000000dee00000, 0x0000000100000000)
  eden space 120320K, 63% used [0x00000000d5d80000,0x00000000da80b720,0x00000000dd300000)
  from space 13824K, 0% used [0x00000000dd300000,0x00000000dd300000,0x00000000de080000)
  to   space 13824K, 0% used [0x00000000de080000,0x00000000de080000,0x00000000dee00000)
 ParOldGen       total 96256K, used 21825K [0x0000000081800000, 0x0000000087600000, 0x00000000d5d80000)
  object space 96256K, 22% used [0x0000000081800000,0x0000000082d50540,0x0000000087600000)
 Metaspace       used 42891K, capacity 45016K, committed 45272K, reserved 1089536K
  class space    used 5393K, capacity 5746K, committed 5848K, reserved 1048576K
Event: 1152.711 GC heap after
Heap after GC invocations=21 (full 7):
 PSYoungGen      total 133120K, used 4344K [0x00000000d5d80000, 0x00000000ded00000, 0x0000000100000000)
  eden space 120320K, 0% used [0x00000000d5d80000,0x00000000d5d80000,0x00000000dd300000)
  from space 12800K, 33% used [0x00000000de080000,0x00000000de4be188,0x00000000ded00000)
  to   space 13312K, 0% used [0x00000000dd300000,0x00000000dd300000,0x00000000de000000)
 ParOldGen       total 96256K, used 21833K [0x0000000081800000, 0x0000000087600000, 0x00000000d5d80000)
  object space 96256K, 22% used [0x0000000081800000,0x0000000082d52540,0x0000000087600000)
 Metaspace       used 42891K, capacity 45016K, committed 45272K, reserved 1089536K
  class space    used 5393K, capacity 5746K, committed 5848K, reserved 1048576K
}
Event: 1152.711 GC heap before
{Heap before GC invocations=22 (full 8):
 PSYoungGen      total 133120K, used 4344K [0x00000000d5d80000, 0x00000000ded00000, 0x0000000100000000)
  eden space 120320K, 0% used [0x00000000d5d80000,0x00000000d5d80000,0x00000000dd300000)
  from space 12800K, 33% used [0x00000000de080000,0x00000000de4be188,0x00000000ded00000)
  to   space 13312K, 0% used [0x00000000dd300000,0x00000000dd300000,0x00000000de000000)
 ParOldGen       total 96256K, used 21833K [0x0000000081800000, 0x0000000087600000, 0x00000000d5d80000)
  object space 96256K, 22% used [0x0000000081800000,0x0000000082d52540,0x0000000087600000)
 Metaspace       used 42891K, capacity 45016K, committed 45272K, reserved 1089536K
  class space    used 5393K, capacity 5746K, committed 5848K, reserved 1048576K
Event: 1152.954 GC heap after
Heap after GC invocations=22 (full 8):
 PSYoungGen      total 133120K, used 0K [0x00000000d5d80000, 0x00000000ded00000, 0x0000000100000000)
  eden space 120320K, 0% used [0x00000000d5d80000,0x00000000d5d80000,0x00000000dd300000)
  from space 12800K, 0% used [0x00000000de080000,0x00000000de080000,0x00000000ded00000)
  to   space 13312K, 0% used [0x00000000dd300000,0x00000000dd300000,0x00000000de000000)
 ParOldGen       total 96256K, used 23004K [0x0000000081800000, 0x0000000087600000, 0x00000000d5d80000)
  object space 96256K, 23% used [0x0000000081800000,0x0000000082e77188,0x0000000087600000)
 Metaspace       used 42888K, capacity 45010K, committed 45272K, reserved 1089536K
  class space    used 5393K, capacity 5744K, committed 5848K, reserved 1048576K
}
Event: 1457.246 GC heap before
{Heap before GC invocations=23 (full 8):
 PSYoungGen      total 133120K, used 79701K [0x00000000d5d80000, 0x00000000ded00000, 0x0000000100000000)
  eden space 120320K, 66% used [0x00000000d5d80000,0x00000000dab55448,0x00000000dd300000)
  from space 12800K, 0% used [0x00000000de080000,0x00000000de080000,0x00000000ded00000)
  to   space 13312K, 0% used [0x00000000dd300000,0x00000000dd300000,0x00000000de000000)
 ParOldGen       total 96256K, used 23004K [0x0000000081800000, 0x0000000087600000, 0x00000000d5d80000)
  object space 96256K, 23% used [0x0000000081800000,0x0000000082e77188,0x0000000087600000)
 Metaspace       used 43065K, capacity 45286K, committed 45528K, reserved 1089536K
  class space    used 5403K, capacity 5789K, committed 5848K, reserved 1048576K
Event: 1457.253 GC heap after
Heap after GC invocations=23 (full 8):
 PSYoungGen      total 124416K, used 4080K [0x00000000d5d80000, 0x00000000dec00000, 0x0000000100000000)
  eden space 120320K, 0% used [0x00000000d5d80000,0x00000000d5d80000,0x00000000dd300000)
  from space 4096K, 99% used [0x00000000dd300000,0x00000000dd6fc0d0,0x00000000dd700000)
  to   space 12800K, 0% used [0x00000000ddf80000,0x00000000ddf80000,0x00000000dec00000)
 ParOldGen       total 96256K, used 23012K [0x0000000081800000, 0x0000000087600000, 0x00000000d5d80000)
  object space 96256K, 23% used [0x0000000081800000,0x0000000082e79188,0x0000000087600000)
 Metaspace       used 43065K, capacity 45286K, committed 45528K, reserved 1089536K
  class space    used 5403K, capacity 5789K, committed 5848K, reserved 1048576K
}
Event: 1457.253 GC heap before
{Heap before GC invocations=24 (full 9):
 PSYoungGen      total 124416K, used 4080K [0x00000000d5d80000, 0x00000000dec00000, 0x0000000100000000)
  eden space 120320K, 0% used [0x00000000d5d80000,0x00000000d5d80000,0x00000000dd300000)
  from space 4096K, 99% used [0x00000000dd300000,0x00000000dd6fc0d0,0x00000000dd700000)
  to   space 12800K, 0% used [0x00000000ddf80000,0x00000000ddf80000,0x00000000dec00000)
 ParOldGen       total 96256K, used 23012K [0x0000000081800000, 0x0000000087600000, 0x00000000d5d80000)
  object space 96256K, 23% used [0x0000000081800000,0x0000000082e79188,0x0000000087600000)
 Metaspace       used 43065K, capacity 45286K, committed 45528K, reserved 1089536K
  class space    used 5403K, capacity 5789K, committed 5848K, reserved 1048576K
Event: 1457.383 GC heap after
Heap after GC invocations=24 (full 9):
 PSYoungGen      total 124416K, used 0K [0x00000000d5d80000, 0x00000000dec00000, 0x0000000100000000)
  eden space 120320K, 0% used [0x00000000d5d80000,0x00000000d5d80000,0x00000000dd300000)
  from space 4096K, 0% used [0x00000000dd300000,0x00000000dd300000,0x00000000dd700000)
  to   space 12800K, 0% used [0x00000000ddf80000,0x00000000ddf80000,0x00000000dec00000)
 ParOldGen       total 96256K, used 23041K [0x0000000081800000, 0x0000000087600000, 0x00000000d5d80000)
  object space 96256K, 23% used [0x0000000081800000,0x0000000082e806d0,0x0000000087600000)
 Metaspace       used 43062K, capacity 45280K, committed 45528K, reserved 1089536K
  class space    used 5403K, capacity 5787K, committed 5848K, reserved 1048576K
}

